app/build/outputs/mapping/release/configuration.txt
# The proguard configuration file for the following section is Android Gradle plugin 9.2.1 (extracted file: /Users/xayonyurx/Downloads/stitch_local_freebie_radar/app/build/intermediates/default_proguard_files/global/proguard-android-optimize.txt-9.2.1)
# This is a configuration file for ProGuard.
# http://proguard.sourceforge.net/index.html#manual/usage.html
#
# Starting with version 2.2 of the Android plugin for Gradle, this file is distributed together with
# the plugin and unpacked at build-time. The files in $ANDROID_HOME are no longer maintained and
# will be ignored by new version of the Android plugin for Gradle.

# Optimizations: If you don't want to optimize, use the proguard-android.txt configuration file
# instead of this one, which turns off the optimization flags.
-allowaccessmodification

# Preserve some attributes that may be required for reflection.
-keepattributes AnnotationDefault,
                EnclosingMethod,
                InnerClasses,
                RuntimeVisibleAnnotations,
                RuntimeVisibleParameterAnnotations,
                RuntimeVisibleTypeAnnotations,
                Signature

-keep public class com.google.vending.licensing.ILicensingService
-keep public class com.android.vending.licensing.ILicensingService
-keep public class com.google.android.vending.licensing.ILicensingService
-dontnote com.android.vending.licensing.ILicensingService
-dontnote com.google.vending.licensing.ILicensingService
-dontnote com.google.android.vending.licensing.ILicensingService

# For native methods, see https://www.guardsquare.com/manual/configuration/examples#native
-keepclasseswithmembernames,includedescriptorclasses class * {
    native <methods>;
}

# Keep setters in Views so that animations can still work.
-keepclassmembers public class * extends android.view.View {
    void set*(***);
    *** get*();
}

# We want to keep methods in Activity that could be used in the XML attribute onClick.
-keepclassmembers class * extends android.app.Activity {
    public void *(android.view.View);
}

# For enumeration classes, see https://www.guardsquare.com/manual/configuration/examples#enumerations
-keepclassmembers enum * {
    public static **[] values();
    public static ** valueOf(java.lang.String);
}

-keepclassmembers class * implements android.os.Parcelable {
    public static final ** CREATOR;
}

# Preserve annotated Javascript interface methods.
-keepclassmembers class * {
    @android.webkit.JavascriptInterface <methods>;
}

# The support libraries contains references to newer platform versions.
# Don't warn about those in case this app is linking against an older
# platform version. We know about them, and they are safe.
-dontnote android.support.**
-dontnote androidx.**
-dontwarn android.support.**
-dontwarn androidx.**

# Understand the @Keep support annotation.
-keep class android.support.annotation.Keep

-keep @android.support.annotation.Keep class * {*;}

-keepclasseswithmembers class * {
    @android.support.annotation.Keep <methods>;
}

-keepclasseswithmembers class * {
    @android.support.annotation.Keep <fields>;
}

-keepclasseswithmembers class * {
    @android.support.annotation.Keep <init>(...);
}

# These classes are duplicated between android.jar and org.apache.http.legacy.jar.
-dontnote org.apache.http.**
-dontnote android.net.http.**

# These classes are duplicated between android.jar and core-lambda-stubs.jar.
-dontnote java.lang.invoke.**

# End of content from Android Gradle plugin 9.2.1 (extracted file: /Users/xayonyurx/Downloads/stitch_local_freebie_radar/app/build/intermediates/default_proguard_files/global/proguard-android-optimize.txt-9.2.1)
# The proguard configuration file for the following section is stitch_local_freebie_radar/app/proguard-rules.pro
# --- kotlinx.serialization (required so @Serializable DTOs survive R8) ---
-keepattributes *Annotation*, InnerClasses
-dontnote kotlinx.serialization.**
-keepclassmembers class kotlinx.serialization.json.** { *; }
-keep,includedescriptorclasses class com.freebox.app.**$$serializer { *; }
-keepclassmembers class com.freebox.app.** {
    *** Companion;
}
-keepclasseswithmembers class com.freebox.app.** {
    kotlinx.serialization.KSerializer serializer(...);
}
# Keep our data-layer model/DTO classes (decoded reflectively by Postgrest)
-keep class com.freebox.app.data.** { *; }

# --- Ktor client + coroutines (Supabase transport) ---
-keep class io.ktor.** { *; }
-keepclassmembers class io.ktor.** { volatile <fields>; }
-dontwarn io.ktor.**
-keep class kotlinx.coroutines.** { *; }
-dontwarn kotlinx.coroutines.**

# --- Supabase SDK ---
-keep class io.github.jan.supabase.** { *; }
-dontwarn io.github.jan.supabase.**

# Compose / AndroidX ship their own consumer rules; nothing extra needed.

# End of content from stitch_local_freebie_radar/app/proguard-rules.pro
# The proguard configuration file for the following section is androidx.navigation:navigation-common:2.8.0 (extracted file: /Users/xayonyurx/.gradle/caches/9.4.1/transforms/a8a1c99a42dd20a2979814d41f71d3cb/transformed/navigation-common-2.8.0/proguard.txt)
# Copyright (C) 2019 The Android Open Source Project
#
# Licensed under the Apache License, Version 2.0 (the "License");
# you may not use this file except in compliance with the License.
# You may obtain a copy of the License at
#
#      http://www.apache.org/licenses/LICENSE-2.0
#
# Unless required by applicable law or agreed to in writing, software
# distributed under the License is distributed on an "AS IS" BASIS,
# WITHOUT WARRANTIES OR CONDITIONS OF ANY KIND, either express or implied.
# See the License for the specific language governing permissions and
# limitations under the License.

# NavArgsLazy creates NavArgs instances using reflection
-if public class ** implements androidx.navigation.NavArgs
-keepclassmembers public class <1> {
    ** fromBundle(android.os.Bundle);
}

# Retain the @Navigator.Name annotation on each subclass of Navigator.
# R8 full mode only retains annotations on items matched by a -keep rule,
# hence the extra -keep rule for the subclasses of Navigator.
#
# A -keep rule for the Navigator.Name annotation class is not required
# since the annotation is referenced from the code.
-keepattributes RuntimeVisibleAnnotations
-keep,allowobfuscation,allowshrinking class * extends androidx.navigation.Navigator

# End of content from androidx.navigation:navigation-common:2.8.0 (extracted file: /Users/xayonyurx/.gradle/caches/9.4.1/transforms/a8a1c99a42dd20a2979814d41f71d3cb/transformed/navigation-common-2.8.0/proguard.txt)
# The proguard configuration file for the following section is androidx.datastore:datastore-preferences-core-android:1.1.7 (extracted file: /Users/xayonyurx/.gradle/caches/9.4.1/transforms/43ccc046fbd5bed5e1a61dbac3ed2929/transformed/datastore-preferences-core-release/proguard.txt)
-keepclassmembers class * extends androidx.datastore.preferences.protobuf.GeneratedMessageLite {
    <fields>;
}

# End of content from androidx.datastore:datastore-preferences-core-android:1.1.7 (extracted file: /Users/xayonyurx/.gradle/caches/9.4.1/transforms/43ccc046fbd5bed5e1a61dbac3ed2929/transformed/datastore-preferences-core-release/proguard.txt)
# The proguard configuration file for the following section is androidx.compose.material3:material3-android:1.4.0 (extracted file: /Users/xayonyurx/.gradle/caches/9.4.1/transforms/7b1aff83776dda3d98049335f5d21aa4/transformed/material3/proguard.txt)
# Intentionally empty proguard rules to indicate this library is safe to shrink

# End of content from androidx.compose.material3:material3-android:1.4.0 (extracted file: /Users/xayonyurx/.gradle/caches/9.4.1/transforms/7b1aff83776dda3d98049335f5d21aa4/transformed/material3/proguard.txt)
# The proguard configuration file for the following section is androidx.compose.animation:animation-core-android:1.10.4 (extracted file: /Users/xayonyurx/.gradle/caches/9.4.1/transforms/b653f1e1c603ba3cea5693241f6fd7e5/transformed/animation-core/proguard.txt)
# Copyright (C) 2020 The Android Open Source Project
#
# Licensed under the Apache License, Version 2.0 (the "License");
# you may not use this file except in compliance with the License.
# You may obtain a copy of the License at
#
#      http://www.apache.org/licenses/LICENSE-2.0
#
# Unless required by applicable law or agreed to in writing, software
# distributed under the License is distributed on an "AS IS" BASIS,
# WITHOUT WARRANTIES OR CONDITIONS OF ANY KIND, either express or implied.
# See the License for the specific language governing permissions and
# limitations under the License.

# Keep all the functions created to throw an exception. We don't want these functions to be
# inlined in any way, which R8 will do by default. The whole point of these functions is to
# reduce the amount of code generated at the call site.
-keepclassmembers,allowshrinking,allowobfuscation class androidx.compose.**.* {
    static void throw*Exception(...);
    static void throw*ExceptionForNullCheck(...);
    # For methods returning Nothing
    static java.lang.Void throw*Exception(...);
    static java.lang.Void throw*ExceptionForNullCheck(...);
}

# End of content from androidx.compose.animation:animation-core-android:1.10.4 (extracted file: /Users/xayonyurx/.gradle/caches/9.4.1/transforms/b653f1e1c603ba3cea5693241f6fd7e5/transformed/animation-core/proguard.txt)
# The proguard configuration file for the following section is androidx.compose.material:material-ripple-android:1.10.4 (extracted file: /Users/xayonyurx/.gradle/caches/9.4.1/transforms/0de18ac80785e0ba6d30b411a324caec/transformed/material-ripple/proguard.txt)
# Intentionally empty proguard rules to indicate this library is safe to shrink

# End of content from androidx.compose.material:material-ripple-android:1.10.4 (extracted file: /Users/xayonyurx/.gradle/caches/9.4.1/transforms/0de18ac80785e0ba6d30b411a324caec/transformed/material-ripple/proguard.txt)
# The proguard configuration file for the following section is androidx.compose.animation:animation-android:1.10.4 (extracted file: /Users/xayonyurx/.gradle/caches/9.4.1/transforms/c9f014604f6c182d57db36751be1a40a/transformed/animation/proguard.txt)
# Intentionally empty proguard rules to indicate this library is safe to shrink

# End of content from androidx.compose.animation:animation-android:1.10.4 (extracted file: /Users/xayonyurx/.gradle/caches/9.4.1/transforms/c9f014604f6c182d57db36751be1a40a/transformed/animation/proguard.txt)
# The proguard configuration file for the following section is androidx.compose.foundation:foundation-layout-android:1.10.4 (extracted file: /Users/xayonyurx/.gradle/caches/9.4.1/transforms/b0a0010a2496b2fdf2a43fb7192f6107/transformed/foundation-layout/proguard.txt)
# Copyright (C) 2020 The Android Open Source Project
#
# Licensed under the Apache License, Version 2.0 (the "License");
# you may not use this file except in compliance with the License.
# You may obtain a copy of the License at
#
#      http://www.apache.org/licenses/LICENSE-2.0
#
# Unless required by applicable law or agreed to in writing, software
# distributed under the License is distributed on an "AS IS" BASIS,
# WITHOUT WARRANTIES OR CONDITIONS OF ANY KIND, either express or implied.
# See the License for the specific language governing permissions and
# limitations under the License.

# Keep all the functions created to throw an exception. We don't want these functions to be
# inlined in any way, which R8 will do by default. The whole point of these functions is to
# reduce the amount of code generated at the call site.
-keepclassmembers,allowshrinking,allowobfuscation class androidx.compose.**.* {
    static void throw*Exception(...);
    static void throw*ExceptionForNullCheck(...);
    # For methods returning Nothing
    static java.lang.Void throw*Exception(...);
    static java.lang.Void throw*ExceptionForNullCheck(...);
}

# End of content from androidx.compose.foundation:foundation-layout-android:1.10.4 (extracted file: /Users/xayonyurx/.gradle/caches/9.4.1/transforms/b0a0010a2496b2fdf2a43fb7192f6107/transformed/foundation-layout/proguard.txt)
# The proguard configuration file for the following section is androidx.compose.foundation:foundation-android:1.10.4 (extracted file: /Users/xayonyurx/.gradle/caches/9.4.1/transforms/911b4264dac6ad2f0910d64e324be0ac/transformed/foundation/proguard.txt)
# Copyright (C) 2020 The Android Open Source Project
#
# Licensed under the Apache License, Version 2.0 (the "License");
# you may not use this file except in compliance with the License.
# You may obtain a copy of the License at
#
#      http://www.apache.org/licenses/LICENSE-2.0
#
# Unless required by applicable law or agreed to in writing, software
# distributed under the License is distributed on an "AS IS" BASIS,
# WITHOUT WARRANTIES OR CONDITIONS OF ANY KIND, either express or implied.
# See the License for the specific language governing permissions and
# limitations under the License.

# Keep all the functions created to throw an exception. We don't want these functions to be
# inlined in any way, which R8 will do by default. The whole point of these functions is to
# reduce the amount of code generated at the call site.
-keepclassmembers,allowshrinking,allowobfuscation class androidx.compose.**.* {
    static void throw*Exception(...);
    # For methods returning Nothing
    static java.lang.Void throw*Exception(...);
}


# End of content from androidx.compose.foundation:foundation-android:1.10.4 (extracted file: /Users/xayonyurx/.gradle/caches/9.4.1/transforms/911b4264dac6ad2f0910d64e324be0ac/transformed/foundation/proguard.txt)
# The proguard configuration file for the following section is androidx.compose.ui:ui-unit-android:1.10.4 (extracted file: /Users/xayonyurx/.gradle/caches/9.4.1/transforms/6c7682cc6b4c4c835f214a265efda5e7/transformed/ui-unit/proguard.txt)
# Copyright (C) 2020 The Android Open Source Project
#
# Licensed under the Apache License, Version 2.0 (the "License");
# you may not use this file except in compliance with the License.
# You may obtain a copy of the License at
#
#      http://www.apache.org/licenses/LICENSE-2.0
#
# Unless required by applicable law or agreed to in writing, software
# distributed under the License is distributed on an "AS IS" BASIS,
# WITHOUT WARRANTIES OR CONDITIONS OF ANY KIND, either express or implied.
# See the License for the specific language governing permissions and
# limitations under the License.

# Keep all the functions created to throw an exception. We don't want these functions to be
# inlined in any way, which R8 will do by default. The whole point of these functions is to
# reduce the amount of code generated at the call site.
-keepclassmembers,allowshrinking,allowobfuscation class androidx.compose.**.* {
    static void throw*Exception(...);
    static void throw*ExceptionForNullCheck(...);
    # For methods returning Nothing
    static java.lang.Void throw*Exception(...);
    static java.lang.Void throw*ExceptionForNullCheck(...);
}

# End of content from androidx.compose.ui:ui-unit-android:1.10.4 (extracted file: /Users/xayonyurx/.gradle/caches/9.4.1/transforms/6c7682cc6b4c4c835f214a265efda5e7/transformed/ui-unit/proguard.txt)
# The proguard configuration file for the following section is androidx.compose.ui:ui-geometry-android:1.10.4 (extracted file: /Users/xayonyurx/.gradle/caches/9.4.1/transforms/ab9a8838b5ac73a5970883a90e72ccf7/transformed/ui-geometry/proguard.txt)
# Intentionally empty proguard rules to indicate this library is safe to shrink

# End of content from androidx.compose.ui:ui-geometry-android:1.10.4 (extracted file: /Users/xayonyurx/.gradle/caches/9.4.1/transforms/ab9a8838b5ac73a5970883a90e72ccf7/transformed/ui-geometry/proguard.txt)
# The proguard configuration file for the following section is androidx.compose.ui:ui-util-android:1.10.4 (extracted file: /Users/xayonyurx/.gradle/caches/9.4.1/transforms/772aabe1a1e8a2fbadc46f32acce2a68/transformed/ui-util/proguard.txt)
# Copyright (C) 2020 The Android Open Source Project
#
# Licensed under the Apache License, Version 2.0 (the "License");
# you may not use this file except in compliance with the License.
# You may obtain a copy of the License at
#
#      http://www.apache.org/licenses/LICENSE-2.0
#
# Unless required by applicable law or agreed to in writing, software
# distributed under the License is distributed on an "AS IS" BASIS,
# WITHOUT WARRANTIES OR CONDITIONS OF ANY KIND, either express or implied.
# See the License for the specific language governing permissions and
# limitations under the License.

# Keep all the functions created to throw an exception. We don't want these functions to be
# inlined in any way, which R8 will do by default. The whole point of these functions is to
# reduce the amount of code generated at the call site.
-keepclassmembers,allowshrinking,allowobfuscation class androidx.compose.**.* {
    static void throw*Exception(...);
    static void throw*ExceptionForNullCheck(...);
    # For methods returning Nothing
    static java.lang.Void throw*Exception(...);
    static java.lang.Void throw*ExceptionForNullCheck(...);
}

# End of content from androidx.compose.ui:ui-util-android:1.10.4 (extracted file: /Users/xayonyurx/.gradle/caches/9.4.1/transforms/772aabe1a1e8a2fbadc46f32acce2a68/transformed/ui-util/proguard.txt)
# The proguard configuration file for the following section is androidx.compose.ui:ui-text-android:1.10.4 (extracted file: /Users/xayonyurx/.gradle/caches/9.4.1/transforms/c023ce60deb1e909898f746f0e422a9d/transformed/ui-text/proguard.txt)
# Copyright (C) 2020 The Android Open Source Project
#
# Licensed under the Apache License, Version 2.0 (the "License");
# you may not use this file except in compliance with the License.
# You may obtain a copy of the License at
#
#      http://www.apache.org/licenses/LICENSE-2.0
#
# Unless required by applicable law or agreed to in writing, software
# distributed under the License is distributed on an "AS IS" BASIS,
# WITHOUT WARRANTIES OR CONDITIONS OF ANY KIND, either express or implied.
# See the License for the specific language governing permissions and
# limitations under the License.

# Keep all the functions created to throw an exception. We don't want these functions to be
# inlined in any way, which R8 will do by default. The whole point of these functions is to
# reduce the amount of code generated at the call site.
-keepclassmembers,allowshrinking,allowobfuscation class androidx.compose.**.* {
    static void throw*Exception(...);
    static void throw*ExceptionForNullCheck(...);
    # For methods returning Nothing
    static java.lang.Void throw*Exception(...);
    static java.lang.Void throw*ExceptionForNullCheck(...);
}

# End of content from androidx.compose.ui:ui-text-android:1.10.4 (extracted file: /Users/xayonyurx/.gradle/caches/9.4.1/transforms/c023ce60deb1e909898f746f0e422a9d/transformed/ui-text/proguard.txt)
# The proguard configuration file for the following section is androidx.compose.ui:ui-tooling-preview-android:1.10.4 (extracted file: /Users/xayonyurx/.gradle/caches/9.4.1/transforms/ca09ab8a98a84b1680b691e27b066e7d/transformed/ui-tooling-preview/proguard.txt)
# Intentionally empty proguard rules to indicate this library is safe to shrink

# End of content from androidx.compose.ui:ui-tooling-preview-android:1.10.4 (extracted file: /Users/xayonyurx/.gradle/caches/9.4.1/transforms/ca09ab8a98a84b1680b691e27b066e7d/transformed/ui-tooling-preview/proguard.txt)
# The proguard configuration file for the following section is androidx.compose.ui:ui-graphics-android:1.10.4 (extracted file: /Users/xayonyurx/.gradle/caches/9.4.1/transforms/5742e99f3559de21e96fb7c7105d9ca2/transformed/ui-graphics/proguard.txt)
# Copyright (C) 2020 The Android Open Source Project
#
# Licensed under the Apache License, Version 2.0 (the "License");
# you may not use this file except in compliance with the License.