app/build/outputs/mapping/release/seeds.txt
com.freebox.app.data.VaultRepository$isSaved$1
com.freebox.app.data.ProfitAlert
com.freebox.app.data.UserPreferences$special$$inlined$map$1$2$1
com.freebox.app.data.AlertInsert$Companion
com.freebox.app.data.UserPreferences$special$$inlined$map$1
com.freebox.app.data.AlertsRepository$count$1
com.freebox.app.data.ListingsRepository
com.freebox.app.data.AlertsRepositoryKt
com.freebox.app.data.AlertDto
com.freebox.app.data.EntitlementDto$Companion
com.freebox.app.data.VaultInsert$$serializer
com.freebox.app.ui.discover.DiscoverViewModel
com.freebox.app.data.SupabaseClientKt
com.freebox.app.data.UserPreferencesKt
com.freebox.app.data.SampleData
com.freebox.app.data.VaultInsert$Companion
com.freebox.app.data.ListingDto$$serializer
com.freebox.app.data.UserPreferences$special$$inlined$map$2$2
com.freebox.app.data.ListingsRepository$fetchById$1
com.freebox.app.data.LocationRepository
com.freebox.app.data.EntitlementDto$$serializer
com.freebox.app.data.UserPreferences$special$$inlined$map$1$2
com.freebox.app.data.ListingsRepository$fetchAvailable$1
com.freebox.app.data.VaultRepository$watchlistIds$1
com.freebox.app.data.AlertInsert
com.freebox.app.data.VaultItemRow
com.freebox.app.data.VaultInsert
com.freebox.app.data.ListingDto
com.freebox.app.data.SearchFilters
com.freebox.app.data.UserPreferences$setInterests$2
com.freebox.app.data.SampleDataKt
com.freebox.app.data.AlertsRepository$byId$1
com.freebox.app.data.UserPreferences$Keys
com.freebox.app.ui.vault.VaultViewModel
com.freebox.app.data.UserPreferences$special$$inlined$map$2$2$1
com.freebox.app.data.ListingsRepositoryKt
com.freebox.app.data.VaultRepository$watchlist$1
com.freebox.app.data.VaultRepository
com.freebox.app.data.FiltersStore
com.freebox.app.data.AlertDto$Companion
com.freebox.app.data.AlertsRepository$create$1
com.freebox.app.data.VaultItemRow$$serializer
com.freebox.app.data.AlertsRepository$list$1
com.freebox.app.ui.pro.EntitlementViewModel
com.freebox.app.ui.auth.AuthViewModel
com.freebox.app.data.LootItem
com.freebox.app.data.AlertDto$$serializer
com.freebox.app.data.VaultItemRow$Companion
com.freebox.app.data.UserPreferences$setOnboardingComplete$2
com.freebox.app.data.AlertsRepository
com.freebox.app.data.UserPreferences
com.freebox.app.data.EntitlementRepository
com.freebox.app.data.EntitlementRepository$isEntitled$1
com.freebox.app.ui.map.MapViewModel
com.freebox.app.data.ListingDto$Companion
com.freebox.app.data.UserPreferences$special$$inlined$map$2
com.freebox.app.MainActivity
com.freebox.app.data.AlertInsert$$serializer
com.freebox.app.data.EntitlementDto
com.freebox.app.data.ProfitAlert: java.lang.String category
com.freebox.app.data.UserPreferences$special$$inlined$map$2$2$1: java.lang.Object L$3
com.freebox.app.data.ListingDto: java.lang.String finderNote
com.freebox.app.data.VaultItemRow$$serializer: int $stable
com.freebox.app.data.AlertsRepository$create$1: java.lang.Object L$6
com.freebox.app.data.VaultRepository: com.freebox.app.data.VaultRepository INSTANCE
com.freebox.app.data.ListingDto$$serializer: kotlinx.serialization.descriptors.SerialDescriptor descriptor
com.freebox.app.data.EntitlementDto$$serializer: com.freebox.app.data.EntitlementDto$$serializer INSTANCE
com.freebox.app.data.AlertsRepository$byId$1: java.lang.Object L$0
com.freebox.app.data.VaultItemRow: java.lang.String listingId
com.freebox.app.data.VaultInsert: java.lang.String listingId
com.freebox.app.data.AlertsRepository: int $stable
com.freebox.app.data.ListingDto: java.lang.String source
com.freebox.app.data.AlertDto: java.lang.String keyword
com.freebox.app.data.AlertInsert: java.lang.String category
com.freebox.app.data.AlertsRepository$create$1: java.lang.Object L$8
com.freebox.app.data.UserPreferences$special$$inlined$map$1$2$1: java.lang.Object L$1
com.freebox.app.data.LocationRepository: int $stable
com.freebox.app.data.UserPreferences$special$$inlined$map$1$2$1: com.freebox.app.data.UserPreferences$special$$inlined$map$1$2 this$0
...
kotlinx.coroutines.flow.FlowKt__LogicKt$all$$inlined$collectWhile$1: java.lang.Object emit(java.lang.Object,kotlin.coroutines.Continuation)
kotlinx.coroutines.flow.StartedWhileSubscribed: boolean equals(java.lang.Object)
io.github.jan.supabase.auth.admin.LinkType$Config$$serializer: kotlinx.serialization.KSerializer[] typeParametersSerializers()
io.github.jan.supabase.auth.MemorySessionManager: java.lang.Object loadSession(kotlin.coroutines.Continuation)
kotlinx.serialization.json.internal.StringJsonLexerWithComments: void consumeNextToken(char)
io.ktor.serialization.kotlinx.SerializerLookupKt: kotlinx.serialization.KSerializer guessSerializer(java.lang.Object,kotlinx.serialization.modules.SerializersModule)
io.github.jan.supabase.realtime.RealtimeJoinConfig$Companion: RealtimeJoinConfig$Companion(kotlin.jvm.internal.DefaultConstructorMarker)
io.github.jan.supabase.auth.admin.AdminApi$DefaultImpls: java.lang.Object logout$default(io.github.jan.supabase.auth.admin.AdminApi,java.lang.String,io.github.jan.supabase.auth.SignOutScope,kotlin.coroutines.Continuation,int,java.lang.Object)
io.ktor.client.request.HttpSendPipeline: io.ktor.util.pipeline.PipelinePhase access$getReceive$cp()
io.ktor.client.engine.okhttp.OkHttpCallback: void onResponse(okhttp3.Call,okhttp3.Response)
io.github.jan.supabase.plugins.SupabasePlugin: void access$init$jd(io.github.jan.supabase.plugins.SupabasePlugin)
kotlinx.serialization.json.internal.AbstractJsonTreeDecoder: AbstractJsonTreeDecoder(kotlinx.serialization.json.Json,kotlinx.serialization.json.JsonElement,java.lang.String,int,kotlin.jvm.internal.DefaultConstructorMarker)
io.ktor.network.sockets.SocketBuilder: io.ktor.network.sockets.TcpSocketBuilder tcp()
io.ktor.utils.io.pool.NoPoolImpl: NoPoolImpl()
kotlinx.coroutines.flow.FlowKt__EmittersKt: kotlinx.coroutines.flow.Flow onStart(kotlinx.coroutines.flow.Flow,kotlin.jvm.functions.Function2)
io.github.jan.supabase.postgrest.PostgrestImpl: io.github.jan.supabase.auth.api.AuthenticatedSupabaseApi getApi()
kotlinx.coroutines.debug.internal.DebugCoroutineInfoImpl$creationStackTrace$1: java.lang.Object invoke(kotlin.sequences.SequenceScope,kotlin.coroutines.Continuation)
io.github.jan.supabase.auth.api.AuthenticatedApiExtensionsKt: io.github.jan.supabase.auth.api.AuthenticatedSupabaseApi authenticatedSupabaseApi$default(io.github.jan.supabase.SupabaseClient,io.github.jan.supabase.plugins.MainPlugin,kotlin.jvm.functions.Function1,boolean,java.lang.Integer,int,java.lang.Object)
io.github.jan.supabase.auth.admin.oauth.CreateOAuthClientBuilder: io.github.jan.supabase.auth.admin.oauth.CreateOAuthClientBuilder copy(java.lang.String,java.util.List,java.lang.String,java.util.List,java.util.List,java.lang.String,io.github.jan.supabase.auth.admin.oauth.OAuthClientTokenEndpointAuthMethod)
kotlinx.serialization.encoding.AbstractEncoder: void encodeFloatElement(kotlinx.serialization.descriptors.SerialDescriptor,int,float)
kotlinx.coroutines.flow.FlowKt__DelayKt$debounceInternal$1$values$1: kotlin.coroutines.Continuation create(java.lang.Object,kotlin.coroutines.Continuation)
io.ktor.network.sockets.ASocket: void access$dispose$jd(io.ktor.network.sockets.ASocket)
androidx.core.graphics.drawable.IconCompatParcelizer: IconCompatParcelizer()
kotlinx.serialization.json.JsonElementSerializersKt$defer$1: boolean isInline()
io.ktor.client.plugins.DataConversion: DataConversion()
io.ktor.websocket.BoundedChannel$Companion: kotlin.Unit createDelegate$lambda$0(kotlin.jvm.internal.Ref$ObjectRef,java.lang.Object)
kotlinx.coroutines.internal.LimitedDispatcher: kotlinx.coroutines.CoroutineDispatcher access$getDispatcher$p(kotlinx.coroutines.internal.LimitedDispatcher)
kotlinx.coroutines.channels.ChannelSegment: java.lang.Object getElement$kotlinx_coroutines_core(int)
kotlinx.serialization.json.internal.StringJsonLexer: int skipWhitespaces()
io.github.jan.supabase.auth.admin.oauth.OAuthClient: kotlinx.serialization.KSerializer _childSerializers$_anonymous_$3()